<?xml version="1.0" encoding="UTF-8"?>
<testng-results ignored="0" total="1" passed="1" failed="0" skipped="0">
  <reporter-output>
  </reporter-output>
  <suite started-at="2021-02-15T17:20:01 GMT-07:00" name="Suite1" finished-at="2021-02-15T17:20:47 GMT-07:00" duration-ms="45140">
    <groups>
    </groups>
    <test started-at="2021-02-15T17:20:01 GMT-07:00" name="First Test" finished-at="2021-02-15T17:20:47 GMT-07:00" duration-ms="45140">
      <class name="test1.FirstTest">
        <test-method signature="Test1()[pri:0, instance:test1.FirstTest@57c758ac]" started-at="2021-02-15T17:20:02 GMT-07:00" name="Test1" finished-at="2021-02-15T17:20:47 GMT-07:00" duration-ms="45011" status="PASS">
          <reporter-output>
          </reporter-output>
        </test-method> <!-- Test1 -->
      </class> <!-- test1.FirstTest -->
    </test> <!-- First Test -->
  </suite> <!-- Suite1 -->
</testng-results>
